<?xml version="1.0" encoding="UTF-8"?>
<testng-results ignored="0" total="4" passed="4" failed="0" skipped="0">
  <reporter-output>
  </reporter-output>
  <suite started-at="2025-02-23T17:01:52Z" name="Surefire suite" finished-at="2025-02-23T17:02:13Z" duration-ms="21858">
    <groups>
    </groups>
    <test started-at="2025-02-23T17:01:52Z" name="Surefire test" finished-at="2025-02-23T17:02:13Z" duration-ms="21858">
      <class name="com.codenbox.MavenProject.NavigationBarTest">
        <test-method signature="basePageNavigationBar()[pri:0, instance:com.codenbox.MavenProject.NavigationBarTest@70b0b186]" started-at="2025-02-23T17:02:07Z" name="basePageNavigationBar" finished-at="2025-02-23T17:02:07Z" duration-ms="89" status="PASS">
          <reporter-output>
          </reporter-output>
        </test-method> <!-- basePageNavigationBar -->
        <test-method signature="dropDownSelect()[pri:0, instance:com.codenbox.MavenProject.NavigationBarTest@70b0b186]" started-at="2025-02-23T17:02:07Z" name="dropDownSelect" finished-at="2025-02-23T17:02:11Z" duration-ms="4222" status="PASS">
          <reporter-output>
          </reporter-output>
        </test-method> <!-- dropDownSelect -->
        <test-method is-config="true" signature="tearDown()[pri:0, instance:com.codenbox.MavenProject.NavigationBarTest@70b0b186]" started-at="2025-02-23T17:02:13Z" name="tearDown" finished-at="2025-02-23T17:02:13Z" duration-ms="97" status="PASS">
          <reporter-output>
          </reporter-output>
        </test-method> <!-- tearDown -->
      </class> <!-- com.codenbox.MavenProject.NavigationBarTest -->
      <class name="com.codenbox.MavenProject.LoginPageTest">
        <test-method is-config="true" signature="initialize()[pri:0, instance:com.codenbox.MavenProject.LoginPageTest@7bc1a03d]" started-at="2025-02-23T17:01:52Z" name="initialize" finished-at="2025-02-23T17:01:56Z" duration-ms="4228" status="PASS">
          <reporter-output>
          </reporter-output>
        </test-method> <!-- initialize -->
        <test-method is-config="true" signature="initialize()[pri:0, instance:com.codenbox.MavenProject.NavigationBarTest@70b0b186]" started-at="2025-02-23T17:01:56Z" name="initialize" finished-at="2025-02-23T17:01:58Z" duration-ms="2185" status="PASS">
          <reporter-output>
          </reporter-output>
        </test-method> <!-- initialize -->
        <test-method signature="basePageNavigation(java.lang.String, java.lang.String)[pri:0, instance:com.codenbox.MavenProject.LoginPageTest@7bc1a03d]" started-at="2025-02-23T17:01:58Z" name="basePageNavigation" data-provider="getData" finished-at="2025-02-23T17:02:07Z" duration-ms="8906" status="PASS">
          <params>
            <param index="0">
              <value>
                <![CDATA[test@test.com]]>
              </value>
            </param>
            <param index="1">
              <value>
                <![CDATA[123456]]>
              </value>
            </param>
          </params>
          <reporter-output>
          </reporter-output>
        </test-method> <!-- basePageNavigation -->
        <test-method is-config="true" signature="tearDown()[pri:0, instance:com.codenbox.MavenProject.LoginPageTest@7bc1a03d]" started-at="2025-02-23T17:02:07Z" name="tearDown" finished-at="2025-02-23T17:02:07Z" duration-ms="95" status="PASS">
          <reporter-output>
          </reporter-output>
        </test-method> <!-- tearDown -->
      </class> <!-- com.codenbox.MavenProject.LoginPageTest -->
      <class name="com.codenbox.MavenProject.ValidTitleTest">
        <test-method signature="basePageTitle()[pri:0, instance:com.codenbox.MavenProject.ValidTitleTest@ba8d91c]" started-at="2025-02-23T17:02:11Z" name="basePageTitle" finished-at="2025-02-23T17:02:13Z" duration-ms="1923" status="PASS">
          <reporter-output>
          </reporter-output>
        </test-method> <!-- basePageTitle -->
        <test-method is-config="true" signature="tearDown()[pri:0, instance:com.codenbox.MavenProject.ValidTitleTest@ba8d91c]" started-at="2025-02-23T17:02:13Z" name="tearDown" finished-at="2025-02-23T17:02:13Z" duration-ms="100" status="PASS">
          <reporter-output>
          </reporter-output>
        </test-method> <!-- tearDown -->
      </class> <!-- com.codenbox.MavenProject.ValidTitleTest -->
    </test> <!-- Surefire test -->
  </suite> <!-- Surefire suite -->
</testng-results>
