<?xml version="1.0" encoding="UTF-8"?>
<!-- Generated by org.testng.reporters.JUnitReportReporter -->
<testsuite hostname="kadirxps" failures="0" tests="2" name="com.codenbox.MavenProject.NavigationBarTest" time="4.311" errors="0" timestamp="23 Feb. 2025 17:02:14 GMT" skipped="0">
  <testcase classname="com.codenbox.MavenProject.NavigationBarTest" name="basePageNavigationBar" time="0.089"/>
  <testcase classname="com.codenbox.MavenProject.NavigationBarTest" name="dropDownSelect" time="4.222"/>
</testsuite> <!-- com.codenbox.MavenProject.NavigationBarTest -->
